<?xml version="1.0" encoding="UTF-8"?>
<testng-results ignored="0" total="4" passed="3" failed="1" skipped="0">
  <reporter-output>
  </reporter-output>
  <suite started-at="2025-01-13T09:17:10 IST" name="Suite" finished-at="2025-01-13T09:17:10 IST" duration-ms="64">
    <groups>
    </groups>
    <test started-at="2025-01-13T09:17:10 IST" name="Test" finished-at="2025-01-13T09:17:10 IST" duration-ms="64">
      <class name="com.framework.testngConcepts.TestNGTests">
        <test-method is-config="true" signature="startReporting()[pri:0, instance:com.framework.testngConcepts.TestNGTests@192d74fb]" started-at="2025-01-13T09:17:10 IST" name="startReporting" finished-at="2025-01-13T09:17:10 IST" duration-ms="6" status="PASS">
          <reporter-output>
          </reporter-output>
        </test-method> <!-- startReporting -->
        <test-method is-config="true" signature="launchBrowserAndApplication(java.lang.String,java.lang.String)[pri:0, instance:com.framework.testngConcepts.TestNGTests@192d74fb]" started-at="2025-01-13T09:17:10 IST" name="launchBrowserAndApplication" finished-at="2025-01-13T09:17:10 IST" duration-ms="4" status="PASS">
          <params>
            <param index="0">
              <value>
                <![CDATA[Chrome]]>
              </value>
            </param>
            <param index="1">
              <value>
                <![CDATA[www.creatio.com]]>
              </value>
            </param>
          </params>
          <reporter-output>
          </reporter-output>
        </test-method> <!-- launchBrowserAndApplication -->
        <test-method signature="TestCase1()[pri:0, instance:com.framework.testngConcepts.TestNGTests@192d74fb]" started-at="2025-01-13T09:17:10 IST" name="TestCase1" finished-at="2025-01-13T09:17:10 IST" duration-ms="8" status="FAIL">
          <exception class="java.lang.AssertionError">
            <message>
              <![CDATA[Test Case 1 Failed]]>
            </message>
            <full-stacktrace>
              <![CDATA[java.lang.AssertionError: Test Case 1 Failed
at org.testng.Assert.fail(Assert.java:111)
at com.framework.testngConcepts.TestNGTests.TestCase1(TestNGTests.java:10)
at java.base/jdk.internal.reflect.DirectMethodHandleAccessor.invoke(DirectMethodHandleAccessor.java:103)
at java.base/java.lang.reflect.Method.invoke(Method.java:580)
at org.testng.internal.invokers.MethodInvocationHelper.invokeMethod(MethodInvocationHelper.java:141)
at org.testng.internal.invokers.TestInvoker.invokeMethod(TestInvoker.java:686)
at org.testng.internal.invokers.TestInvoker.invokeTestMethod(TestInvoker.java:230)
at org.testng.internal.invokers.MethodRunner.runInSequence(MethodRunner.java:63)
at org.testng.internal.invokers.TestInvoker$MethodInvocationAgent.invoke(TestInvoker.java:992)
at org.testng.internal.invokers.TestInvoker.invokeTestMethods(TestInvoker.java:203)
at org.testng.internal.invokers.TestMethodWorker.invokeTestMethods(TestMethodWorker.java:154)
at org.testng.internal.invokers.TestMethodWorker.run(TestMethodWorker.java:134)
at java.base/java.util.ArrayList.forEach(ArrayList.java:1597)
at org.testng.TestRunner.privateRun(TestRunner.java:739)
at org.testng.TestRunner.run(TestRunner.java:614)
at org.testng.SuiteRunner.runTest(SuiteRunner.java:421)
at org.testng.SuiteRunner.runSequentially(SuiteRunner.java:413)
at org.testng.SuiteRunner.privateRun(SuiteRunner.java:373)
at org.testng.SuiteRunner.run(SuiteRunner.java:312)
at org.testng.SuiteRunnerWorker.runSuite(SuiteRunnerWorker.java:52)
at org.testng.SuiteRunnerWorker.run(SuiteRunnerWorker.java:95)
at org.testng.TestNG.runSuitesSequentially(TestNG.java:1274)
at org.testng.TestNG.runSuitesLocally(TestNG.java:1208)
at org.testng.TestNG.runSuites(TestNG.java:1112)
at org.testng.TestNG.run(TestNG.java:1079)
at org.testng.remote.AbstractRemoteTestNG.run(AbstractRemoteTestNG.java:115)
at org.testng.remote.RemoteTestNG.initAndRun(RemoteTestNG.java:293)
at org.testng.remote.RemoteTestNG.main(RemoteTestNG.java:91)
]]>
            </full-stacktrace>
          </exception> <!-- java.lang.AssertionError -->
          <reporter-output>
          </reporter-output>
        </test-method> <!-- TestCase1 -->
        <test-method is-config="true" signature="closeBrowser()[pri:0, instance:com.framework.testngConcepts.TestNGTests@192d74fb]" started-at="2025-01-13T09:17:10 IST" name="closeBrowser" finished-at="2025-01-13T09:17:10 IST" duration-ms="1" status="PASS">
          <reporter-output>
          </reporter-output>
        </test-method> <!-- closeBrowser -->
        <test-method is-config="true" signature="launchBrowserAndApplication(java.lang.String,java.lang.String)[pri:0, instance:com.framework.testngConcepts.TestNGTests@192d74fb]" started-at="2025-01-13T09:17:10 IST" name="launchBrowserAndApplication" finished-at="2025-01-13T09:17:10 IST" duration-ms="1" status="PASS">
          <params>
            <param index="0">
              <value>
                <![CDATA[Chrome]]>
              </value>
            </param>
            <param index="1">
              <value>
                <![CDATA[www.creatio.com]]>
              </value>
            </param>
          </params>
          <reporter-output>
          </reporter-output>
        </test-method> <!-- launchBrowserAndApplication -->
        <test-method signature="TestCase2()[pri:0, instance:com.framework.testngConcepts.TestNGTests@192d74fb]" started-at="2025-01-13T09:17:10 IST" name="TestCase2" finished-at="2025-01-13T09:17:10 IST" duration-ms="1" status="PASS">
          <reporter-output>
          </reporter-output>
        </test-method> <!-- TestCase2 -->
        <test-method is-config="true" signature="closeBrowser()[pri:0, instance:com.framework.testngConcepts.TestNGTests@192d74fb]" started-at="2025-01-13T09:17:10 IST" name="closeBrowser" finished-at="2025-01-13T09:17:10 IST" duration-ms="0" status="PASS">
          <reporter-output>
          </reporter-output>
        </test-method> <!-- closeBrowser -->
        <test-method is-config="true" signature="launchBrowserAndApplication(java.lang.String,java.lang.String)[pri:0, instance:com.framework.testngConcepts.TestNGTests@192d74fb]" started-at="2025-01-13T09:17:10 IST" name="launchBrowserAndApplication" finished-at="2025-01-13T09:17:10 IST" duration-ms="1" status="PASS">
          <params>
            <param index="0">
              <value>
                <![CDATA[Chrome]]>
              </value>
            </param>
            <param index="1">
              <value>
                <![CDATA[www.creatio.com]]>
              </value>
            </param>
          </params>
          <reporter-output>
          </reporter-output>
        </test-method> <!-- launchBrowserAndApplication -->
        <test-method signature="TestCase3(java.lang.String,java.lang.String)[pri:0, instance:com.framework.testngConcepts.TestNGTests@192d74fb]" started-at="2025-01-13T09:17:10 IST" name="TestCase3" data-provider="testdata" finished-at="2025-01-13T09:17:10 IST" duration-ms="3" status="PASS">
          <params>
            <param index="0">
              <value>
                <![CDATA[Bharath]]>
              </value>
            </param>
            <param index="1">
              <value>
                <![CDATA[Bharath123]]>
              </value>
            </param>
          </params>
          <reporter-output>
          </reporter-output>
        </test-method> <!-- TestCase3 -->
        <test-method is-config="true" signature="closeBrowser()[pri:0, instance:com.framework.testngConcepts.TestNGTests@192d74fb]" started-at="2025-01-13T09:17:10 IST" name="closeBrowser" finished-at="2025-01-13T09:17:10 IST" duration-ms="1" status="PASS">
          <reporter-output>
          </reporter-output>
        </test-method> <!-- closeBrowser -->
        <test-method is-config="true" signature="launchBrowserAndApplication(java.lang.String,java.lang.String)[pri:0, instance:com.framework.testngConcepts.TestNGTests@192d74fb]" started-at="2025-01-13T09:17:10 IST" name="launchBrowserAndApplication" finished-at="2025-01-13T09:17:10 IST" duration-ms="1" status="PASS">
          <params>
            <param index="0">
              <value>
                <![CDATA[Chrome]]>
              </value>
            </param>
            <param index="1">
              <value>
                <![CDATA[www.creatio.com]]>
              </value>
            </param>
          </params>
          <reporter-output>
          </reporter-output>
        </test-method> <!-- launchBrowserAndApplication -->
        <test-method signature="TestCase3(java.lang.String,java.lang.String)[pri:0, instance:com.framework.testngConcepts.TestNGTests@192d74fb]" started-at="2025-01-13T09:17:10 IST" name="TestCase3" data-provider="testdata" finished-at="2025-01-13T09:17:10 IST" duration-ms="1" status="PASS">
          <params>
            <param index="0">
              <value>
                <![CDATA[Invalid]]>
              </value>
            </param>
            <param index="1">
              <value>
                <![CDATA[Invalid123]]>
              </value>
            </param>
          </params>
          <reporter-output>
          </reporter-output>
        </test-method> <!-- TestCase3 -->
        <test-method is-config="true" signature="closeBrowser()[pri:0, instance:com.framework.testngConcepts.TestNGTests@192d74fb]" started-at="2025-01-13T09:17:10 IST" name="closeBrowser" finished-at="2025-01-13T09:17:10 IST" duration-ms="0" status="PASS">
          <reporter-output>
          </reporter-output>
        </test-method> <!-- closeBrowser -->
        <test-method is-config="true" signature="stopReporting()[pri:0, instance:com.framework.testngConcepts.TestNGTests@192d74fb]" started-at="2025-01-13T09:17:10 IST" name="stopReporting" finished-at="2025-01-13T09:17:10 IST" duration-ms="0" status="PASS">
          <reporter-output>
          </reporter-output>
        </test-method> <!-- stopReporting -->
      </class> <!-- com.framework.testngConcepts.TestNGTests -->
    </test> <!-- Test -->
  </suite> <!-- Suite -->
</testng-results>
